<?xml version="1.0" encoding="UTF-8"?>
<testsuite name="SkyPositionTest$SkyPositionazimuthandAltitudeTests" tests="3" skipped="0" failures="0" errors="0" timestamp="2025-12-10T02:53:49.094Z" hostname="steve-ThinkPad-X1-Nano-Gen-1" time="0.024">
  <properties/>
  <testcase name="testM01()" classname="SkyPositionTest$SkyPositionazimuthandAltitudeTests" time="0.019"/>
  <testcase name="testM31()" classname="SkyPositionTest$SkyPositionazimuthandAltitudeTests" time="0.001"/>
  <testcase name="testM45()" classname="SkyPositionTest$SkyPositionazimuthandAltitudeTests" time="0.002"/>
  <system-out><![CDATA[]]></system-out>
  <system-err><![CDATA[]]></system-err>
</testsuite>
