<?xml version="1.0" encoding="UTF-8"?>
<testsuite name="CatalogueTest" tests="5" skipped="0" failures="0" errors="0" timestamp="2025-12-03T23:24:32.110Z" hostname="steve-ThinkPad-X1-Nano-Gen-1" time="0.166">
  <properties/>
  <testcase name="canAddItemsToCatalogue()" classname="CatalogueTest" time="0.042"/>
  <testcase name="CanIterate()" classname="CatalogueTest" time="0.068"/>
  <testcase name="CatalogueCanBeLoaded()" classname="CatalogueTest" time="0.024"/>
  <testcase name="exceptionHandling()" classname="CatalogueTest" time="0.021"/>
  <testcase name="CatalogueCanBeInstantiatedWithSingletonPattern()" classname="CatalogueTest" time="0.003"/>
  <system-out><![CDATA[]]></system-out>
  <system-err><![CDATA[]]></system-err>
</testsuite>
