<?xml version="1.0" encoding="UTF-8"?>
<testsuite name="ObservatoryTest" tests="4" skipped="0" failures="0" errors="0" timestamp="2025-12-01T00:20:07.946Z" hostname="localhost-alavaster" time="0.005">
  <properties/>
  <testcase name="canGetParams()" classname="ObservatoryTest" time="0.001"/>
  <testcase name="canConstructWithParams()" classname="ObservatoryTest" time="0.0"/>
  <testcase name="canSetObstructions()" classname="ObservatoryTest" time="0.001"/>
  <testcase name="canConstructWithoutParams()" classname="ObservatoryTest" time="0.0"/>
  <system-out><![CDATA[]]></system-out>
  <system-err><![CDATA[]]></system-err>
</testsuite>
