<?xml version="1.0" encoding="UTF-8"?>
<testsuite name="SkyPositionTest$ToJulianDateTests" tests="8" skipped="0" failures="0" errors="0" timestamp="2025-12-01T00:20:07.991Z" hostname="localhost-alavaster" time="0.011">
  <properties/>
  <testcase name="testEndOfYear()" classname="SkyPositionTest$ToJulianDateTests" time="0.004"/>
  <testcase name="testLeapYear()" classname="SkyPositionTest$ToJulianDateTests" time="0.001"/>
  <testcase name="testMidnight()" classname="SkyPositionTest$ToJulianDateTests" time="0.001"/>
  <testcase name="testStandardDate()" classname="SkyPositionTest$ToJulianDateTests" time="0.001"/>
  <testcase name="testDateBeforeMarch()" classname="SkyPositionTest$ToJulianDateTests" time="0.0"/>
  <testcase name="testDateBetweenSkippedDays()" classname="SkyPositionTest$ToJulianDateTests" time="0.001"/>
  <testcase name="testLastJulianDay()" classname="SkyPositionTest$ToJulianDateTests" time="0.001"/>
  <testcase name="testFirstGregorianDay()" classname="SkyPositionTest$ToJulianDateTests" time="0.001"/>
  <system-out><![CDATA[]]></system-out>
  <system-err><![CDATA[]]></system-err>
</testsuite>
