<?xml version="1.0" encoding="UTF-8"?>
<testsuite name="TelescopeTest" tests="3" skipped="0" failures="0" errors="0" timestamp="2025-12-01T00:20:08.002Z" hostname="localhost-alavaster" time="0.002">
  <properties/>
  <testcase name="canGetFieldOfView()" classname="TelescopeTest" time="0.001"/>
  <testcase name="canGetAperture()" classname="TelescopeTest" time="0.0"/>
  <testcase name="canGetMirrorDiameter()" classname="TelescopeTest" time="0.001"/>
  <system-out><![CDATA[]]></system-out>
  <system-err><![CDATA[]]></system-err>
</testsuite>
