<?xml version="1.0" encoding="UTF-8"?>
<testsuite name="CelestialObjectTest$ApparentDimensionsStringTests" tests="3" skipped="0" failures="0" errors="0" timestamp="2025-12-10T02:53:48.862Z" hostname="steve-ThinkPad-X1-Nano-Gen-1" time="0.007">
  <properties/>
  <testcase name="testRectangleDimensions()" classname="CelestialObjectTest$ApparentDimensionsStringTests" time="0.003"/>
  <testcase name="testCircleDimensions()" classname="CelestialObjectTest$ApparentDimensionsStringTests" time="0.001"/>
  <testcase name="testNullDimensions()" classname="CelestialObjectTest$ApparentDimensionsStringTests" time="0.001"/>
  <system-out><![CDATA[]]></system-out>
  <system-err><![CDATA[]]></system-err>
</testsuite>
