<?xml version="1.0" encoding="UTF-8"?>
<testsuite name="TelescopeTest" tests="3" skipped="0" failures="0" errors="0" timestamp="2025-11-29T22:52:04.346Z" hostname="steve-ThinkPad-X1-Nano-Gen-1" time="0.017">
  <properties/>
  <testcase name="canGetFieldOfView()" classname="TelescopeTest" time="0.014"/>
  <testcase name="canGetAperture()" classname="TelescopeTest" time="0.001"/>
  <testcase name="canGetMirrorDiameter()" classname="TelescopeTest" time="0.001"/>
  <system-out><![CDATA[]]></system-out>
  <system-err><![CDATA[]]></system-err>
</testsuite>
