<?xml version="1.0" encoding="UTF-8"?>
<testsuite name="SkyPositionTest$DecemberVisibility" tests="4" skipped="0" failures="0" errors="0" timestamp="2025-12-03T23:24:32.473Z" hostname="steve-ThinkPad-X1-Nano-Gen-1" time="0.089">
  <properties/>
  <testcase name="testM13()" classname="SkyPositionTest$DecemberVisibility" time="0.04"/>
  <testcase name="testM31()" classname="SkyPositionTest$DecemberVisibility" time="0.024"/>
  <testcase name="testM42()" classname="SkyPositionTest$DecemberVisibility" time="0.012"/>
  <testcase name="testM1()" classname="SkyPositionTest$DecemberVisibility" time="0.006"/>
  <system-out><![CDATA[]]></system-out>
  <system-err><![CDATA[]]></system-err>
</testsuite>
