<?xml version="1.0" encoding="UTF-8"?>
<testsuite name="SkyPositionTest$IsVisibleDuringMonthTests" tests="2" skipped="0" failures="0" errors="0" timestamp="2025-12-09T19:07:13.759Z" hostname="steve-ThinkPad-X1-Nano-Gen-1" time="0.086">
  <properties/>
  <testcase name="testNotVisibleInDecember()" classname="SkyPositionTest$IsVisibleDuringMonthTests" time="0.065"/>
  <testcase name="testUsesYearRangesOptionalEmpty()" classname="SkyPositionTest$IsVisibleDuringMonthTests" time="0.02"/>
  <system-out><![CDATA[]]></system-out>
  <system-err><![CDATA[]]></system-err>
</testsuite>
