<?xml version="1.0" encoding="UTF-8"?>
<testsuite name="SkyPositionTest$IsSunBelow18Tests" tests="3" skipped="0" failures="0" errors="0" timestamp="2025-12-10T02:53:49.086Z" hostname="steve-ThinkPad-X1-Nano-Gen-1" time="0.005">
  <properties/>
  <testcase name="dayTime_returnsFalse()" classname="SkyPositionTest$IsSunBelow18Tests" time="0.001"/>
  <testcase name="edgeOfTwilight_returnsFalse()" classname="SkyPositionTest$IsSunBelow18Tests" time="0.002"/>
  <testcase name="nightTime_returnsTrue()" classname="SkyPositionTest$IsSunBelow18Tests" time="0.0"/>
  <system-out><![CDATA[]]></system-out>
  <system-err><![CDATA[]]></system-err>
</testsuite>
